51.0 APEX_CODE,FINEST;APEX_PROFILING,INFO;CALLOUT,INFO;DB,INFO;NBA,INFO;SYSTEM,DEBUG;VALIDATION,INFO;VISUALFORCE,FINER;WAVE,INFO;WORKFLOW,INFO
23:32:39.0 (811788)|USER_INFO|[EXTERNAL]|0053x00000FbljM|amber.wang@converse.com|(GMT+08:00) China Standard Time (Asia/Shanghai)|GMT+08:00
23:32:39.0 (948026)|EXECUTION_STARTED
23:32:39.0 (977394)|CODE_UNIT_STARTED|[EXTERNAL]|01p3x000001dV7H|RTV_DEF_SellingPrice_All_Batch
23:32:39.0 (7318228)|HEAP_ALLOCATE|[79]|Bytes:3
23:32:39.0 (7480121)|HEAP_ALLOCATE|[84]|Bytes:152
23:32:39.0 (7499590)|HEAP_ALLOCATE|[399]|Bytes:408
23:32:39.0 (7516304)|HEAP_ALLOCATE|[412]|Bytes:408
23:32:39.0 (7531640)|HEAP_ALLOCATE|[520]|Bytes:48
23:32:39.0 (7570676)|HEAP_ALLOCATE|[139]|Bytes:6
23:32:39.0 (9097593)|HEAP_ALLOCATE|[EXTERNAL]|Bytes:4481
23:32:39.0 (25002437)|HEAP_ALLOCATE|[EXTERNAL]|Bytes:11
23:32:39.0 (25091949)|SYSTEM_METHOD_ENTRY|[15]|BatchableContextImpl.BatchableContextImpl()
23:32:39.0 (25112254)|STATEMENT_EXECUTE|[15]
23:32:39.0 (25154600)|SYSTEM_METHOD_EXIT|[15]|BatchableContextImpl
23:32:39.0 (25172904)|HEAP_ALLOCATE|[EXTERNAL]|Bytes:12
23:32:39.0 (25182604)|HEAP_ALLOCATE|[EXTERNAL]|Bytes:4
23:32:39.0 (25197567)|VARIABLE_SCOPE_BEGIN|[31]|this|Database.BatchableContextImpl|true|false
23:32:39.0 (25566683)|VARIABLE_ASSIGNMENT|[31]|this|{}|0x787952ce
23:32:39.0 (25581140)|VARIABLE_SCOPE_BEGIN|[31]|jobId|Id|false|false
23:32:39.0 (25799473)|VARIABLE_ASSIGNMENT|[31]|jobId|"7073x00009nMfYqAAK"
23:32:39.0 (25807265)|VARIABLE_SCOPE_BEGIN|[31]|childJobId|Id|false|false
23:32:39.0 (25819251)|VARIABLE_ASSIGNMENT|[31]|childJobId|null
23:32:39.0 (28102099)|HEAP_ALLOCATE|[EXTERNAL]|Bytes:28
23:32:39.0 (28135133)|HEAP_ALLOCATE|[EXTERNAL]|Bytes:75
23:32:39.0 (28144042)|HEAP_ALLOCATE|[EXTERNAL]|Bytes:40
23:32:39.0 (28187208)|METHOD_ENTRY|[1]|01p3x000001dV7H|RTV_DEF_SellingPrice_All_Batch.RTV_DEF_SellingPrice_All_Batch()
23:32:39.0 (28201985)|STATEMENT_EXECUTE|[1]
23:32:39.0 (28208997)|STATEMENT_EXECUTE|[1]
23:32:39.0 (28263876)|HEAP_ALLOCATE|[52]|Bytes:5
23:32:39.0 (28347641)|HEAP_ALLOCATE|[58]|Bytes:5
23:32:39.0 (28416911)|HEAP_ALLOCATE|[66]|Bytes:7
23:32:39.0 (29263305)|SYSTEM_MODE_ENTER|false
23:32:39.0 (29324299)|HEAP_ALLOCATE|[EXTERNAL]|Bytes:5
23:32:39.0 (29367822)|STATEMENT_EXECUTE|[17]
23:32:39.0 (29373449)|STATEMENT_EXECUTE|[367]
23:32:39.0 (29403931)|SYSTEM_MODE_EXIT|false
23:32:39.0 (29426606)|METHOD_EXIT|[1]|RTV_DEF_SellingPrice_All_Batch
23:32:39.0 (29441572)|HEAP_ALLOCATE|[EXTERNAL]|Bytes:24
23:32:39.0 (29450358)|HEAP_ALLOCATE|[EXTERNAL]|Bytes:12
23:32:39.0 (29482959)|VARIABLE_SCOPE_BEGIN|[67]|this|RTV_DEF_SellingPrice_All_Batch|true|false
23:32:39.0 (29625729)|VARIABLE_ASSIGNMENT|[67]|this|{"orders":"0x274a77bb","seasonCodeMap":"0x1d922cef","TaxRate":1.13}|0x2efec95b
23:32:39.0 (29640355)|VARIABLE_SCOPE_BEGIN|[67]|info|Database.BatchableContext|true|false
23:32:39.0 (29791234)|VARIABLE_ASSIGNMENT|[67]|info|{"jobId":"7073x00009nMfYqAAK"}|0x787952ce
23:32:39.0 (29818345)|SYSTEM_MODE_ENTER|false
23:32:39.0 (29831384)|HEAP_ALLOCATE|[68]|Bytes:5
23:32:39.0 (29838361)|STATEMENT_EXECUTE|[67]
23:32:39.0 (29888410)|HEAP_ALLOCATE|[68]|Bytes:4
23:32:39.0 (30673793)|HEAP_ALLOCATE|[68]|Bytes:40
23:32:39.0 (30947072)|HEAP_ALLOCATE|[68]|Bytes:5
23:32:39.0 (30997360)|VARIABLE_SCOPE_BEGIN|[68]|order|RTV_Order__c|true|false
23:32:39.0 (31075962)|VARIABLE_ASSIGNMENT|[68]|order|{"Id":"a4l3x000000inybAAA","Name":"D21112923935137357","RTV_DEF_Summary__c":"a4t3x000001FtzpAAC","RecordTypeId":"0123x000001dW2bAAE","RTV_Order_Items__r":[{"RTV_Order__c":"a4l3x000000inybAAA","Id":"a4j3x000006uY7pAAE","RecordTypeId":"0123x000001dW2NAAU"},{"RTV_Order__c":"a4l3x000000inybAAA","Id":"a4j3x000006uY7qAAE","RecordTypeId":"0123x000001dW2NAAU"},{"RTV_Order__c":"a4l3x000000inybAAA","Id":"a4j3x000006uY7tAAE","RecordTypeId":"0123x000001dW2NAAU"},{"RTV_Order__c":"a4l3x000000inybAAA","Id":"a4j3x000006uY7sAAE","RecordTypeId":"0123x000001dW2NAAU"},{"RTV_Order__c":"a4l3x000000inybAAA","Id":"a4j3x000006uY7rAAE","RecordTypeId":"0123x000001dW2NAAU"}],"RTV_DEF_Summary__r":{"Name":"2021-11-01)YY","Id":"a4t3x000001FtzpAAC","RecordTypeId":"0123x000001lvGjAAI"}}|0x1aedb677
23:32:39.0 (31094820)|STATEMENT_EXECUTE|[68]
23:32:39.0 (31097982)|STATEMENT_EXECUTE|[69]
23:32:39.0 (33276615)|HEAP_ALLOCATE|[69]|Bytes:41
23:32:39.0 (33353438)|SYSTEM_MODE_EXIT|false
23:32:39.0 (33733576)|FATAL_ERROR|System.NullPointerException: Attempt to de-reference a null object

Class.RTV_DEF_SellingPrice_All_Batch.start: line 69, column 1
23:32:39.0 (77588266)|FATAL_ERROR|System.NullPointerException: Attempt to de-reference a null object

Class.RTV_DEF_SellingPrice_All_Batch.start: line 69, column 1
23:32:39.77 (77650921)|CUMULATIVE_LIMIT_USAGE
23:32:39.77 (77650921)|LIMIT_USAGE_FOR_NS|(default)|
  Number of SOQL queries: 0 out of 200
  Number of query rows: 0 out of 50000
  Number of SOSL queries: 0 out of 20
  Number of DML statements: 0 out of 150
  Number of Publish Immediate DML: 0 out of 150
  Number of DML rows: 0 out of 10000
  Maximum CPU time: 0 out of 60000
  Maximum heap size: 0 out of 12000000
  Number of callouts: 0 out of 0
  Number of Email Invocations: 0 out of 10
  Number of future calls: 0 out of 0
  Number of queueable jobs added to the queue: 0 out of 1
  Number of Mobile Apex push calls: 0 out of 10

23:32:39.77 (77650921)|CUMULATIVE_LIMIT_USAGE_END

23:32:39.0 (77774328)|CODE_UNIT_FINISHED|RTV_DEF_SellingPrice_All_Batch
23:32:39.0 (77794881)|EXECUTION_FINISHED
